[0mCMake Deprecation Warning at /usr/src/googletest/CMakeLists.txt:1 (cmake_minimum_required):
  Compatibility with CMake < 2.8.12 will be removed from a future version of
  CMake.

  Update the VERSION argument <min> value or use a ...<max> suffix to tell
  CMake that the project does not need compatibility with older versions.

[0m
[0mCMake Deprecation Warning at /usr/src/googletest/googlemock/CMakeLists.txt:41 (cmake_minimum_required):
  Compatibility with CMake < 2.8.12 will be removed from a future version of
  CMake.

  Update the VERSION argument <min> value or use a ...<max> suffix to tell
  CMake that the project does not need compatibility with older versions.

[0m
[0mCMake Deprecation Warning at /usr/src/googletest/googletest/CMakeLists.txt:48 (cmake_minimum_required):
  Compatibility with CMake < 2.8.12 will be removed from a future version of
  CMake.

  Update the VERSION argument <min> value or use a ...<max> suffix to tell
  CMake that the project does not need compatibility with older versions.

[0m
[33mCMake Warning (dev) at /home/agilex/.local/lib/python3.6/site-packages/cmake/data/share/cmake-3.22/Modules/FindPackageHandleStandardArgs.cmake:438 (message):
  The package name passed to `find_package_handle_standard_args` (libdw) does
  not match the name of the calling package (backward_ros).  This can lead to
  problems in calling code that expects `find_package` result variables
  (e.g., `_FOUND`) to follow a certain pattern.
[36mCall Stack (most recent call first):[0m
  /opt/ros/melodic/share/backward_ros/cmake/BackwardConfig.cmake:55 (find_package_handle_standard_args)
  /opt/ros/melodic/share/backward_ros/cmake/backward_rosConfig.cmake:222 (include)
  /opt/ros/melodic/share/catkin/cmake/catkinConfig.cmake:76 (find_package)
  CMakeLists.txt:16 (find_package)
This warning is for project developers.  Use -Wno-dev to suppress it.
[0m
[33mCMake Warning (dev) at /home/agilex/.local/lib/python3.6/site-packages/cmake/data/share/cmake-3.22/Modules/FindPackageHandleStandardArgs.cmake:438 (message):
  The package name passed to `find_package_handle_standard_args` (libbfd)
  does not match the name of the calling package (backward_ros).  This can
  lead to problems in calling code that expects `find_package` result
  variables (e.g., `_FOUND`) to follow a certain pattern.
[36mCall Stack (most recent call first):[0m
  /opt/ros/melodic/share/backward_ros/cmake/BackwardConfig.cmake:66 (find_package_handle_standard_args)
  /opt/ros/melodic/share/backward_ros/cmake/backward_rosConfig.cmake:222 (include)
  /opt/ros/melodic/share/catkin/cmake/catkinConfig.cmake:76 (find_package)
  CMakeLists.txt:16 (find_package)
This warning is for project developers.  Use -Wno-dev to suppress it.
[0m
[33mCMake Warning (dev) at /home/agilex/.local/lib/python3.6/site-packages/cmake/data/share/cmake-3.22/Modules/FindPackageHandleStandardArgs.cmake:438 (message):
  The package name passed to `find_package_handle_standard_args` (Backward)
  does not match the name of the calling package (backward_ros).  This can
  lead to problems in calling code that expects `find_package` result
  variables (e.g., `_FOUND`) to follow a certain pattern.
[36mCall Stack (most recent call first):[0m
  /opt/ros/melodic/share/backward_ros/cmake/BackwardConfig.cmake:128 (find_package_handle_standard_args)
  /opt/ros/melodic/share/backward_ros/cmake/backward_rosConfig.cmake:222 (include)
  /opt/ros/melodic/share/catkin/cmake/catkinConfig.cmake:76 (find_package)
  CMakeLists.txt:16 (find_package)
This warning is for project developers.  Use -Wno-dev to suppress it.
[0m
