[  8%] Built target aruco_ros_gencfg
[  8%] Built target sensor_msgs_generate_messages_cpp
[ 25%] Built target aruco_ros_utils
[ 25%] Built target sensor_msgs_generate_messages_eus
[ 25%] Built target sensor_msgs_generate_messages_nodejs
[ 25%] Built target sensor_msgs_generate_messages_lisp
[ 25%] Built target sensor_msgs_generate_messages_py
[ 25%] Built target geometry_msgs_generate_messages_cpp
[ 25%] Built target geometry_msgs_generate_messages_eus
[ 25%] Built target geometry_msgs_generate_messages_lisp
[ 25%] Built target geometry_msgs_generate_messages_nodejs
[ 25%] Built target std_msgs_generate_messages_cpp
[ 25%] Built target geometry_msgs_generate_messages_py
[ 25%] Built target std_msgs_generate_messages_eus
[ 25%] Built target std_msgs_generate_messages_nodejs
[ 25%] Built target std_msgs_generate_messages_lisp
[ 25%] Built target std_msgs_generate_messages_py
[ 25%] Built target dynamic_reconfigure_generate_messages_cpp
[ 25%] Built target dynamic_reconfigure_generate_messages_eus
[ 25%] Built target dynamic_reconfigure_generate_messages_lisp
[ 25%] Built target dynamic_reconfigure_generate_messages_nodejs
[ 25%] Built target dynamic_reconfigure_gencfg
[ 25%] Built target dynamic_reconfigure_generate_messages_py
[ 25%] Built target roscpp_generate_messages_cpp
[ 25%] Built target roscpp_generate_messages_eus
[ 25%] Built target roscpp_generate_messages_nodejs
[ 25%] Built target roscpp_generate_messages_lisp
[ 25%] Built target roscpp_generate_messages_py
[ 25%] Built target rosgraph_msgs_generate_messages_cpp
[ 25%] Built target rosgraph_msgs_generate_messages_lisp
[ 25%] Built target rosgraph_msgs_generate_messages_eus
[ 25%] Built target rosgraph_msgs_generate_messages_py
[ 25%] Built target rosgraph_msgs_generate_messages_nodejs
[ 25%] Built target tf_generate_messages_cpp
[ 25%] Built target tf_generate_messages_eus
[ 25%] Built target tf_generate_messages_nodejs
[ 25%] Built target tf_generate_messages_py
[ 25%] Built target tf_generate_messages_lisp
[ 25%] Built target actionlib_generate_messages_cpp
[ 25%] Built target actionlib_generate_messages_eus
[ 25%] Built target actionlib_generate_messages_lisp
[ 25%] Built target actionlib_generate_messages_nodejs
[ 25%] Built target actionlib_generate_messages_py
[ 25%] Built target actionlib_msgs_generate_messages_cpp
[ 25%] Built target actionlib_msgs_generate_messages_eus
[ 25%] Built target actionlib_msgs_generate_messages_lisp
[ 25%] Built target actionlib_msgs_generate_messages_nodejs
[ 25%] Built target actionlib_msgs_generate_messages_py
[ 25%] Built target tf2_msgs_generate_messages_cpp
[ 25%] Built target tf2_msgs_generate_messages_eus
[ 25%] Built target tf2_msgs_generate_messages_lisp
[ 25%] Built target tf2_msgs_generate_messages_nodejs
[ 25%] Built target aruco_msgs_generate_messages_cpp
[ 25%] Built target tf2_msgs_generate_messages_py
[ 25%] Built target aruco_msgs_generate_messages_lisp
[ 25%] Built target aruco_msgs_generate_messages_eus
[ 25%] Built target aruco_msgs_generate_messages_nodejs
[ 25%] Built target aruco_msgs_generate_messages_py
[ 25%] Built target visualization_msgs_generate_messages_eus
[ 25%] Built target visualization_msgs_generate_messages_lisp
[ 25%] Built target visualization_msgs_generate_messages_cpp
[ 25%] Built target visualization_msgs_generate_messages_nodejs
[ 25%] Built target visualization_msgs_generate_messages_py
[ 50%] Built target single
[ 75%] Built target double
[ 83%] [32mBuilding CXX object CMakeFiles/marker_publisher.dir/src/marker_publish.cpp.o[0m
[01m[K/home/agilex/limo_ws/src/aruco_ros/aruco_ros/src/marker_publish.cpp:[m[K In function ‘[01m[Kint main(int, char**)[m[K’:
[01m[K/home/agilex/limo_ws/src/aruco_ros/aruco_ros/src/marker_publish.cpp:314:64:[m[K [01;31m[Kerror: [m[Kcannot convert ‘[01m[Kstd::_Bind_helper<false, void (ArucoMarkerPublisher::*)(), ArucoMarkerPublisher*>::type {aka std::_Bind<void (ArucoMarkerPublisher::*(ArucoMarkerPublisher*))()>}[m[K’ to ‘[01m[Kvoid (*)()[m[K’ for argument ‘[01m[K1[m[K’ to ‘[01m[Kint atexit(void (*)())[m[K’
   std::atexit(std::bind(&ArucoMarkerPublisher::closeCsv, &node)[01;31m[K)[m[K;
                                                                [01;31m[K^[m[K
CMakeFiles/marker_publisher.dir/build.make:75: recipe for target 'CMakeFiles/marker_publisher.dir/src/marker_publish.cpp.o' failed
make[2]: *** [CMakeFiles/marker_publisher.dir/src/marker_publish.cpp.o] Error 1
CMakeFiles/Makefile2:2087: recipe for target 'CMakeFiles/marker_publisher.dir/all' failed
make[1]: *** [CMakeFiles/marker_publisher.dir/all] Error 2
Makefile:145: recipe for target 'all' failed
make: *** [all] Error 2
