Linked: (/home/agilex/limo_ws/devel/.private/object_msgs/lib/pkgconfig/object_msgs.pc, /home/agilex/limo_ws/devel/lib/pkgconfig/object_msgs.pc)
Linked: (/home/agilex/limo_ws/devel/.private/object_msgs/lib/python2.7/dist-packages/object_msgs/__init__.py, /home/agilex/limo_ws/devel/lib/python2.7/dist-packages/object_msgs/__init__.py)
Linked: (/home/agilex/limo_ws/devel/.private/object_msgs/lib/python2.7/dist-packages/object_msgs/msg/_Object.py, /home/agilex/limo_ws/devel/lib/python2.7/dist-packages/object_msgs/msg/_Object.py)
Linked: (/home/agilex/limo_ws/devel/.private/object_msgs/lib/python2.7/dist-packages/object_msgs/msg/__init__.py, /home/agilex/limo_ws/devel/lib/python2.7/dist-packages/object_msgs/msg/__init__.py)
Linked: (/home/agilex/limo_ws/devel/.private/object_msgs/lib/python2.7/dist-packages/object_msgs/msg/_ObjectArray.py, /home/agilex/limo_ws/devel/lib/python2.7/dist-packages/object_msgs/msg/_ObjectArray.py)
Linked: (/home/agilex/limo_ws/devel/.private/object_msgs/include/object_msgs/ObjectArray.h, /home/agilex/limo_ws/devel/include/object_msgs/ObjectArray.h)
Linked: (/home/agilex/limo_ws/devel/.private/object_msgs/include/object_msgs/Object.h, /home/agilex/limo_ws/devel/include/object_msgs/Object.h)
Linked: (/home/agilex/limo_ws/devel/.private/object_msgs/share/common-lisp/ros/object_msgs/msg/ObjectArray.lisp, /home/agilex/limo_ws/devel/share/common-lisp/ros/object_msgs/msg/ObjectArray.lisp)
Linked: (/home/agilex/limo_ws/devel/.private/object_msgs/share/common-lisp/ros/object_msgs/msg/Object.lisp, /home/agilex/limo_ws/devel/share/common-lisp/ros/object_msgs/msg/Object.lisp)
Linked: (/home/agilex/limo_ws/devel/.private/object_msgs/share/common-lisp/ros/object_msgs/msg/_package_ObjectArray.lisp, /home/agilex/limo_ws/devel/share/common-lisp/ros/object_msgs/msg/_package_ObjectArray.lisp)
Linked: (/home/agilex/limo_ws/devel/.private/object_msgs/share/common-lisp/ros/object_msgs/msg/object_msgs-msg.asd, /home/agilex/limo_ws/devel/share/common-lisp/ros/object_msgs/msg/object_msgs-msg.asd)
Linked: (/home/agilex/limo_ws/devel/.private/object_msgs/share/common-lisp/ros/object_msgs/msg/_package_Object.lisp, /home/agilex/limo_ws/devel/share/common-lisp/ros/object_msgs/msg/_package_Object.lisp)
Linked: (/home/agilex/limo_ws/devel/.private/object_msgs/share/common-lisp/ros/object_msgs/msg/_package.lisp, /home/agilex/limo_ws/devel/share/common-lisp/ros/object_msgs/msg/_package.lisp)
Linked: (/home/agilex/limo_ws/devel/.private/object_msgs/share/object_msgs/cmake/object_msgsConfig-version.cmake, /home/agilex/limo_ws/devel/share/object_msgs/cmake/object_msgsConfig-version.cmake)
Linked: (/home/agilex/limo_ws/devel/.private/object_msgs/share/object_msgs/cmake/object_msgs-msg-paths.cmake, /home/agilex/limo_ws/devel/share/object_msgs/cmake/object_msgs-msg-paths.cmake)
Linked: (/home/agilex/limo_ws/devel/.private/object_msgs/share/object_msgs/cmake/object_msgsConfig.cmake, /home/agilex/limo_ws/devel/share/object_msgs/cmake/object_msgsConfig.cmake)
Linked: (/home/agilex/limo_ws/devel/.private/object_msgs/share/object_msgs/cmake/object_msgs-msg-extras.cmake, /home/agilex/limo_ws/devel/share/object_msgs/cmake/object_msgs-msg-extras.cmake)
Linked: (/home/agilex/limo_ws/devel/.private/object_msgs/share/gennodejs/ros/object_msgs/_index.js, /home/agilex/limo_ws/devel/share/gennodejs/ros/object_msgs/_index.js)
Linked: (/home/agilex/limo_ws/devel/.private/object_msgs/share/gennodejs/ros/object_msgs/msg/ObjectArray.js, /home/agilex/limo_ws/devel/share/gennodejs/ros/object_msgs/msg/ObjectArray.js)
Linked: (/home/agilex/limo_ws/devel/.private/object_msgs/share/gennodejs/ros/object_msgs/msg/_index.js, /home/agilex/limo_ws/devel/share/gennodejs/ros/object_msgs/msg/_index.js)
Linked: (/home/agilex/limo_ws/devel/.private/object_msgs/share/gennodejs/ros/object_msgs/msg/Object.js, /home/agilex/limo_ws/devel/share/gennodejs/ros/object_msgs/msg/Object.js)
Linked: (/home/agilex/limo_ws/devel/.private/object_msgs/share/roseus/ros/object_msgs/manifest.l, /home/agilex/limo_ws/devel/share/roseus/ros/object_msgs/manifest.l)
Linked: (/home/agilex/limo_ws/devel/.private/object_msgs/share/roseus/ros/object_msgs/msg/Object.l, /home/agilex/limo_ws/devel/share/roseus/ros/object_msgs/msg/Object.l)
Linked: (/home/agilex/limo_ws/devel/.private/object_msgs/share/roseus/ros/object_msgs/msg/ObjectArray.l, /home/agilex/limo_ws/devel/share/roseus/ros/object_msgs/msg/ObjectArray.l)
