Linked: (/home/agilex/limo_ws/devel/.private/limo_examples/lib/pkgconfig/limo_examples.pc, /home/agilex/limo_ws/devel/lib/pkgconfig/limo_examples.pc)
Linked: (/home/agilex/limo_ws/devel/.private/limo_examples/lib/python2.7/dist-packages/limo_examples/__init__.py, /home/agilex/limo_ws/devel/lib/python2.7/dist-packages/limo_examples/__init__.py)
Linked: (/home/agilex/limo_ws/devel/.private/limo_examples/lib/python2.7/dist-packages/limo_examples/cfg/__init__.py, /home/agilex/limo_ws/devel/lib/python2.7/dist-packages/limo_examples/cfg/__init__.py)
Linked: (/home/agilex/limo_ws/devel/.private/limo_examples/lib/python2.7/dist-packages/limo_examples/cfg/move_exampleConfig.py, /home/agilex/limo_ws/devel/lib/python2.7/dist-packages/limo_examples/cfg/move_exampleConfig.py)
Linked: (/home/agilex/limo_ws/devel/.private/limo_examples/lib/python2.7/dist-packages/limo_examples/cfg/camera_exampleConfig.py, /home/agilex/limo_ws/devel/lib/python2.7/dist-packages/limo_examples/cfg/camera_exampleConfig.py)
Linked: (/home/agilex/limo_ws/devel/.private/limo_examples/lib/python2.7/dist-packages/limo_examples/cfg/lidar_exampleConfig.py, /home/agilex/limo_ws/devel/lib/python2.7/dist-packages/limo_examples/cfg/lidar_exampleConfig.py)
Linked: (/home/agilex/limo_ws/devel/.private/limo_examples/lib/python2.7/dist-packages/limo_examples/cfg/lidar_move_exampleConfig.py, /home/agilex/limo_ws/devel/lib/python2.7/dist-packages/limo_examples/cfg/lidar_move_exampleConfig.py)
Linked: (/home/agilex/limo_ws/devel/.private/limo_examples/include/limo_examples/camera_exampleConfig.h, /home/agilex/limo_ws/devel/include/limo_examples/camera_exampleConfig.h)
Linked: (/home/agilex/limo_ws/devel/.private/limo_examples/include/limo_examples/lidar_exampleConfig.h, /home/agilex/limo_ws/devel/include/limo_examples/lidar_exampleConfig.h)
Linked: (/home/agilex/limo_ws/devel/.private/limo_examples/include/limo_examples/move_exampleConfig.h, /home/agilex/limo_ws/devel/include/limo_examples/move_exampleConfig.h)
Linked: (/home/agilex/limo_ws/devel/.private/limo_examples/include/limo_examples/lidar_move_exampleConfig.h, /home/agilex/limo_ws/devel/include/limo_examples/lidar_move_exampleConfig.h)
Linked: (/home/agilex/limo_ws/devel/.private/limo_examples/share/limo_examples/cmake/limo_examplesConfig-version.cmake, /home/agilex/limo_ws/devel/share/limo_examples/cmake/limo_examplesConfig-version.cmake)
Linked: (/home/agilex/limo_ws/devel/.private/limo_examples/share/limo_examples/cmake/limo_examplesConfig.cmake, /home/agilex/limo_ws/devel/share/limo_examples/cmake/limo_examplesConfig.cmake)
Linked: (/home/agilex/limo_ws/devel/.private/limo_examples/share/limo_examples/docs/move_exampleConfig-usage.dox, /home/agilex/limo_ws/devel/share/limo_examples/docs/move_exampleConfig-usage.dox)
Linked: (/home/agilex/limo_ws/devel/.private/limo_examples/share/limo_examples/docs/lidar_move_exampleConfig-usage.dox, /home/agilex/limo_ws/devel/share/limo_examples/docs/lidar_move_exampleConfig-usage.dox)
Linked: (/home/agilex/limo_ws/devel/.private/limo_examples/share/limo_examples/docs/lidar_exampleConfig.wikidoc, /home/agilex/limo_ws/devel/share/limo_examples/docs/lidar_exampleConfig.wikidoc)
Linked: (/home/agilex/limo_ws/devel/.private/limo_examples/share/limo_examples/docs/lidar_exampleConfig-usage.dox, /home/agilex/limo_ws/devel/share/limo_examples/docs/lidar_exampleConfig-usage.dox)
Linked: (/home/agilex/limo_ws/devel/.private/limo_examples/share/limo_examples/docs/camera_exampleConfig-usage.dox, /home/agilex/limo_ws/devel/share/limo_examples/docs/camera_exampleConfig-usage.dox)
Linked: (/home/agilex/limo_ws/devel/.private/limo_examples/share/limo_examples/docs/move_exampleConfig.wikidoc, /home/agilex/limo_ws/devel/share/limo_examples/docs/move_exampleConfig.wikidoc)
Linked: (/home/agilex/limo_ws/devel/.private/limo_examples/share/limo_examples/docs/move_exampleConfig.dox, /home/agilex/limo_ws/devel/share/limo_examples/docs/move_exampleConfig.dox)
Linked: (/home/agilex/limo_ws/devel/.private/limo_examples/share/limo_examples/docs/camera_exampleConfig.wikidoc, /home/agilex/limo_ws/devel/share/limo_examples/docs/camera_exampleConfig.wikidoc)
Linked: (/home/agilex/limo_ws/devel/.private/limo_examples/share/limo_examples/docs/lidar_move_exampleConfig.wikidoc, /home/agilex/limo_ws/devel/share/limo_examples/docs/lidar_move_exampleConfig.wikidoc)
Linked: (/home/agilex/limo_ws/devel/.private/limo_examples/share/limo_examples/docs/lidar_exampleConfig.dox, /home/agilex/limo_ws/devel/share/limo_examples/docs/lidar_exampleConfig.dox)
Linked: (/home/agilex/limo_ws/devel/.private/limo_examples/share/limo_examples/docs/lidar_move_exampleConfig.dox, /home/agilex/limo_ws/devel/share/limo_examples/docs/lidar_move_exampleConfig.dox)
Linked: (/home/agilex/limo_ws/devel/.private/limo_examples/share/limo_examples/docs/camera_exampleConfig.dox, /home/agilex/limo_ws/devel/share/limo_examples/docs/camera_exampleConfig.dox)
